[16/06/2026 14:43:49,34] Avvio piboh-script/apri-guide-windows.bat
[16/06/2026 14:43:49,34] Apertura file: D:\8 - GitHub PiBOH\repository\CLONATI IN GITHUB DESKTOP\XTetris\CHANGELOG.md
[16/06/2026 14:43:50,23] Chiusura menu guide
[16/06/2026 15:08:24,04] Avvio piboh-script/apri-guide-windows.bat
[16/06/2026 15:08:29,72] Scelta menu guide: 1
[16/06/2026 15:08:29,74] Apertura file: D:\8 - GitHub PiBOH\repository\CLONATI IN GITHUB DESKTOP\XTetris\piboh-script\..\README.md
[16/06/2026 15:09:13,55] Scelta menu guide: 5
[16/06/2026 15:09:13,55] Apertura file: D:\8 - GitHub PiBOH\repository\CLONATI IN GITHUB DESKTOP\XTetris\piboh-script\..\guide\GUIDA-CLION-WINDOWS.md
[16/06/2026 15:09:28,94] Scelta menu guide: 8
[16/06/2026 15:09:28,96] Chiusura menu guide
[16/06/2026 16:12:24,10] Avvio piboh-script/apri-guide-windows.bat
[16/06/2026 16:12:24,11] Apertura file: D:\8 - GitHub PiBOH\repository\CLONATI IN GITHUB DESKTOP\XTetris\CHANGELOG.md
[16/06/2026 16:12:24,14] Chiusura menu guide
[16/06/2026 16:12:36,13] Avvio piboh-script/apri-guide-windows.bat
[16/06/2026 16:12:41,57] Scelta menu guide: 7
[16/06/2026 16:12:41,59] Apertura file: D:\8 - GitHub PiBOH\repository\CLONATI IN GITHUB DESKTOP\XTetris\piboh-script\..\guide\GUIDA-SCRIPT-AUTOMATICO-WINDOWS.md
[16/06/2026 16:13:03,27] Scelta menu guide: 8
[16/06/2026 16:13:03,28] Chiusura menu guide
[16/06/2026 16:23:06,17] Avvio piboh-script/apri-guide-windows.bat
[16/06/2026 16:23:06,19] Apertura file: D:\8 - GitHub PiBOH\repository\CLONATI IN GITHUB DESKTOP\XTetris\CHANGELOG.md
[16/06/2026 16:23:06,22] Chiusura menu guide
[16/06/2026 17:42:13,67] Avvio piboh-script/apri-guide-windows.bat
[16/06/2026 17:42:13,68] Apertura file: D:\8 - GitHub PiBOH\repository\CLONATI IN GITHUB DESKTOP\XTetris\CHANGELOG.md
[16/06/2026 17:42:13,86] Chiusura menu guide
[16/06/2026 18:38:08,81] Avvio piboh-script/apri-guide-windows.bat
[16/06/2026 18:38:08,81] Apertura file: D:\8 - GitHub PiBOH\repository\CLONATI IN GITHUB DESKTOP\XTetris\CHANGELOG.md
[16/06/2026 18:38:09,00] Chiusura menu guide
[16/06/2026 19:07:08,13] Avvio piboh-script/apri-guide-windows.bat
[16/06/2026 19:07:11,98] Scelta menu guide: 8
[16/06/2026 19:07:11,98] Chiusura menu guide
[16/06/2026 19:40:07,27] Avvio piboh-script/apri-guide-windows.bat
[16/06/2026 19:40:07,28] Apertura file: D:\8 - GitHub PiBOH\repository\CLONATI IN GITHUB DESKTOP\XTetris\CHANGELOG.md
[16/06/2026 19:40:07,46] Chiusura menu guide
[16/06/2026 19:41:17,68] Avvio piboh-script/apri-guide-windows.bat
[16/06/2026 19:41:20,08] Scelta menu guide: 1
[16/06/2026 19:41:20,08] Apertura file: D:\8 - GitHub PiBOH\repository\CLONATI IN GITHUB DESKTOP\XTetris\piboh-script\..\README.md
[16/06/2026 19:41:32,83] Scelta menu guide: 1
[16/06/2026 19:41:32,83] Apertura file: D:\8 - GitHub PiBOH\repository\CLONATI IN GITHUB DESKTOP\XTetris\piboh-script\..\README.md
[16/06/2026 19:41:53,66] Scelta menu guide: 8
[16/06/2026 19:41:53,66] Chiusura menu guide
