**********************
PowerShell transcript start
Start time: 20260616160620
Username: ASUSI7-K55VD\Utente
RunAs User: ASUSI7-K55VD\Utente
Configuration Name: 
Machine: ASUSI7-K55VD (Microsoft Windows NT 10.0.26200.0)
Host Application: C:\Program Files\PowerShell\7\pwsh.dll -NoProfile -ExecutionPolicy Bypass -File D:\8 - GitHub PiBOH\repository\CLONATI IN GITHUB DESKTOP\XTetris\piboh-script\installa-compila-windows.ps1
Process ID: 8576
PSVersion: 7.6.1
PSEdition: Core
GitCommitId: 7.6.1
OS: Microsoft Windows 10.0.26200
Platform: Win32NT
PSCompatibleVersions: 1.0, 2.0, 3.0, 4.0, 5.0, 5.1, 6.0, 7.0
PSRemotingProtocolVersion: 2.4
SerializationVersion: 1.1.0.1
WSManStackVersion: 3.0
**********************
XTetris Windows Installer 3.0.15
[WARN] Non stai eseguendo lo script come amministratore. In molti casi va bene lo stesso, ma alcuni installer potrebbero chiedere conferma o fallire.

==> Verifico winget
[OK] winget disponibile

==> Cartella di lavoro: D:\8 - GitHub PiBOH\repository\CLONATI IN GITHUB DESKTOP\XTetris

Dove vuoi installare le dipendenze?
  1. Percorso di installazione predefinito
  2. Cartella piboh-temp del progetto
[OK] Modalita installazione dipendenze: piboh-temp (D:\8 - GitHub PiBOH\repository\CLONATI IN GITHUB DESKTOP\XTetris\piboh-temp)
[OK] PowerShell 7 e gia installato
[WARN] Git non verra installato.

==> Installo CMake con winget

[OK] CMake installato

==> Installo MSYS2 con winget

[OK] MSYS2 installato
[OK] Repository XTetris gia presente
[OK] Notepad++ Portable disponibile: D:\8 - GitHub PiBOH\repository\CLONATI IN GITHUB DESKTOP\XTetris\piboh-portable\Notepad++Portable\notepad++.exe
[OK] MSYS2 trovato in D:\8 - GitHub PiBOH\repository\CLONATI IN GITHUB DESKTOP\XTetris\piboh-temp\MSYS2

==> Installo toolchain e strumenti di build in MSYS2 (UCRT64)

[OK] Toolchain installata

==> Configuro e compilo XTetris

[OK] Build completata: D:\8 - GitHub PiBOH\repository\CLONATI IN GITHUB DESKTOP\XTetris\build\XTetris.exe

Per avviare il gioco:
  D:\8 - GitHub PiBOH\repository\CLONATI IN GITHUB DESKTOP\XTetris\build\XTetris.exe
[OK] Creato launcher: D:\8 - GitHub PiBOH\repository\CLONATI IN GITHUB DESKTOP\XTetris\AVVIA GIOCO.bat
**********************
PowerShell transcript end
End time: 20260616161214
**********************
