**********************
PowerShell transcript start
Start time: 20260616143725
Username: ASUSI7-K55VD\Utente
RunAs User: ASUSI7-K55VD\Utente
Configuration Name: 
Machine: ASUSI7-K55VD (Microsoft Windows NT 10.0.26200.0)
Host Application: C:\Program Files\PowerShell\7\pwsh.dll -NoProfile -ExecutionPolicy Bypass -File D:\8 - GitHub PiBOH\repository\CLONATI IN GITHUB DESKTOP\XTetris\piboh-script\installa-compila-windows.ps1
Process ID: 15080
PSVersion: 7.6.1
PSEdition: Core
GitCommitId: 7.6.1
OS: Microsoft Windows 10.0.26200
Platform: Win32NT
PSCompatibleVersions: 1.0, 2.0, 3.0, 4.0, 5.0, 5.1, 6.0, 7.0
PSRemotingProtocolVersion: 2.4
SerializationVersion: 1.1.0.1
WSManStackVersion: 3.0
**********************
XTetris Windows Installer 3.0.1
[WARN] Non stai eseguendo lo script come amministratore. In molti casi va bene lo stesso, ma alcuni installer potrebbero chiedere conferma o fallire.

==> Verifico winget
[OK] winget disponibile

==> Cartella di lavoro: D:\8 - GitHub PiBOH\repository\CLONATI IN GITHUB DESKTOP\XTetris

Dove vuoi installare le dipendenze (tranne PowerShell 7)?
  1. Percorso di installazione predefinito
  2. Cartella piboh-temp del progetto
[OK] Modalita installazione dipendenze: piboh-temp (D:\8 - GitHub PiBOH\repository\CLONATI IN GITHUB DESKTOP\XTetris\piboh-temp)
[OK] PowerShell 7 e gia installato
[WARN] Git non verra installato.

==> Installo CMake con winget
Microsoft is not responsible for, nor does it grant any licenses to, third-party packages.
Downloading https://github.com/Kitware/CMake/releases/download/v4.3.3/cmake-4.3.3-windows-x86_64.msi
  ██████████████████████████████  36.3 MB / 36.3 MB
Successfully verified installer hash
Starting package install...
Successfully installed
[OK] CMake installato

==> Installo MSYS2 con winget

[OK] MSYS2 installato
[OK] Repository XTetris gia presente
[OK] Notepad++ Portable disponibile: D:\8 - GitHub PiBOH\repository\CLONATI IN GITHUB DESKTOP\XTetris\piboh-portable\Notepad++Portable\notepad++.exe
[OK] MSYS2 trovato in D:\8 - GitHub PiBOH\repository\CLONATI IN GITHUB DESKTOP\XTetris\piboh-temp\MSYS2

==> Installo toolchain e strumenti di build in MSYS2 (UCRT64)

[OK] Toolchain installata

==> Configuro e compilo XTetris

[OK] Build completata: D:\8 - GitHub PiBOH\repository\CLONATI IN GITHUB DESKTOP\XTetris\build\XTetris.exe

Per avviare il gioco:
  D:\8 - GitHub PiBOH\repository\CLONATI IN GITHUB DESKTOP\XTetris\build\XTetris.exe
[OK] Creato launcher: D:\8 - GitHub PiBOH\repository\CLONATI IN GITHUB DESKTOP\XTetris\AVVIA GIOCO.bat

==> Avvio XTetris


██╗  ██╗      ████████╗███████╗████████╗██████╗ ██╗███████╗
╚██╗██╔╝      ╚══██╔══╝██╔════╝╚══██╔══╝██╔══██╗██║██╔════╝
 ╚███╔╝ █████╗   ██║   █████╗     ██║   ██████╔╝██║███████╗
 ██╔██╗ ╚════╝   ██║   ██╔══╝     ██║   ██╔══██╗██║╚════██║
██╔╝ ██╗         ██║   ███████╗   ██║   ██║  ██║██║███████║
╚═╝  ╚═╝         ╚═╝   ╚══════╝   ╚═╝   ╚═╝  ╚═╝╚═╝╚══════╝
Berton Alex Giulio - 884378


Benvenuto nel menù iniziale di X-Tetris! Seleziona una modalità di gioco:
   1) SinglePlayer
   2) MultiPlayer (vs Person)
   3) Multiplayer (vs PC)
   4) Esci
4
**********************
PowerShell transcript end
End time: 20260616144343
**********************
