**********************
PowerShell transcript start
Start time: 20260615233534
Username: ASUSI7-K55VD\Utente
RunAs User: ASUSI7-K55VD\Utente
Configuration Name: 
Machine: ASUSI7-K55VD (Microsoft Windows NT 10.0.26200.0)
Host Application: C:\Program Files\PowerShell\7\pwsh.dll -NoProfile -ExecutionPolicy Bypass -File D:\8 - GitHub PiBOH\repository\CLONATI IN GITHUB DESKTOP\XTetris\piboh-script\installa-compila-windows.ps1
Process ID: 7504
PSVersion: 7.6.1
PSEdition: Core
GitCommitId: 7.6.1
OS: Microsoft Windows 10.0.26200
Platform: Win32NT
PSCompatibleVersions: 1.0, 2.0, 3.0, 4.0, 5.0, 5.1, 6.0, 7.0
PSRemotingProtocolVersion: 2.4
SerializationVersion: 1.1.0.1
WSManStackVersion: 3.0
**********************
XTetris Windows Installer 1.0.9k-STABLE
[WARN] Non stai eseguendo lo script come amministratore. In molti casi va bene lo stesso, ma alcuni installer potrebbero chiedere conferma o fallire.

==> Verifico winget
[OK] winget disponibile
[OK] PowerShell 7 e gia installato
[OK] Git e gia installato
[OK] CMake e gia installato

==> Installo MSYS2 con winget
Found MSYS2 Installer [MSYS2.MSYS2] Version 20260611
This application is licensed to you by its owner.
Microsoft is not responsible for, nor does it grant any licenses to, third-party packages.
Successfully verified installer hash
Starting package install...
Successfully installed
[OK] MSYS2 installato

==> Cartella di lavoro: D:\8 - GitHub PiBOH\repository\CLONATI IN GITHUB DESKTOP\XTetris
[OK] Repository XTetris gia presente
[OK] Notepad++ Portable disponibile: D:\8 - GitHub PiBOH\repository\CLONATI IN GITHUB DESKTOP\XTetris\piboh-portable\Notepad++Portable\notepad++.exe
[OK] MSYS2 trovato in C:\msys64

==> Installo toolchain e strumenti di build in MSYS2 (UCRT64)
Dipendenze opzionali di mingw-w64-ucrt-x86_64-cmake
    mingw-w64-ucrt-x86_64-emacs: for cmake emacs mode
[OK] Toolchain installata

==> Configuro e compilo XTetris

[OK] Build completata: D:\8 - GitHub PiBOH\repository\CLONATI IN GITHUB DESKTOP\XTetris\build\XTetris.exe

Per avviare il gioco:
  D:\8 - GitHub PiBOH\repository\CLONATI IN GITHUB DESKTOP\XTetris\build\XTetris.exe
[OK] Creato launcher: D:\8 - GitHub PiBOH\repository\CLONATI IN GITHUB DESKTOP\XTetris\AVVIA GIOCO.bat

==> Avvio XTetris

**********************
PowerShell transcript end
End time: 20260615233928
**********************
