**********************
PowerShell transcript start
Start time: 20260615233353
Username: ASUSI7-K55VD\Utente
RunAs User: ASUSI7-K55VD\Utente
Configuration Name: 
Machine: ASUSI7-K55VD (Microsoft Windows NT 10.0.26200.0)
Host Application: C:\Program Files\PowerShell\7\pwsh.dll -NoProfile -ExecutionPolicy Bypass -File D:\8 - GitHub PiBOH\repository\CLONATI IN GITHUB DESKTOP\XTetris\piboh-script\installa-compila-windows.ps1
Process ID: 12052
PSVersion: 7.6.1
PSEdition: Core
GitCommitId: 7.6.1
OS: Microsoft Windows 10.0.26200
Platform: Win32NT
PSCompatibleVersions: 1.0, 2.0, 3.0, 4.0, 5.0, 5.1, 6.0, 7.0
PSRemotingProtocolVersion: 2.4
SerializationVersion: 1.1.0.1
WSManStackVersion: 3.0
**********************
XTetris Windows Installer 1.0.9k-STABLE
[WARN] Non stai eseguendo lo script come amministratore. In molti casi va bene lo stesso, ma alcuni installer potrebbero chiedere conferma o fallire.

==> Verifico winget
[OK] winget disponibile
[OK] PowerShell 7 e gia installato
[OK] Git e gia installato

==> Installo CMake con winget
Found CMake [Kitware.CMake] Version 4.3.3
This application is licensed to you by its owner.
Microsoft is not responsible for, nor does it grant any licenses to, third-party packages.
Downloading https://github.com/Kitware/CMake/releases/download/v4.3.3/cmake-4.3.3-windows-x86_64.msi
  ██████████████████████████████  36.3 MB / 36.3 MB
Successfully verified installer hash
Starting package install...
Successfully installed
[OK] CMake installato

==> Installo MSYS2 con winget
Found MSYS2 Installer [MSYS2.MSYS2] Version 20260611
This application is licensed to you by its owner.
Microsoft is not responsible for, nor does it grant any licenses to, third-party packages.
Successfully verified installer hash
Starting package install...
Installer failed with exit code: 1
PS>TerminatingError(): "Installazione di MSYS2 non riuscita o non rilevata correttamente."
>> TerminatingError(): "Installazione di MSYS2 non riuscita o non rilevata correttamente."
Installazione di MSYS2 non riuscita o non rilevata correttamente.
Exception: D:\8 - GitHub PiBOH\repository\CLONATI IN GITHUB DESKTOP\XTetris\piboh-script\installa-compila-windows.ps1:215
Line |
 215 |          throw "Installazione di $DisplayName non riuscita o non rilev …
     |          ~~~~~~~~~~~~~~~~~~~~~~~~~~~~~~~~~~~~~~~~~~~~~~~~~~~~~~~~~~~~~
     | Installazione di MSYS2 non riuscita o non rilevata correttamente.

**********************
PowerShell transcript end
End time: 20260615233528
**********************
